<?xml version="1.0" encoding="UTF-8"?>
<testng-results ignored="0" total="1" passed="1" failed="0" skipped="0">
  <reporter-output>
  </reporter-output>
  <suite started-at="2023-10-11T22:55:53 IST" name="Default suite" finished-at="2023-10-11T22:55:57 IST" duration-ms="4041">
    <groups>
    </groups>
    <test started-at="2023-10-11T22:55:53 IST" name="Default test" finished-at="2023-10-11T22:55:57 IST" duration-ms="4041">
      <class name="rahulsettyacademy.ExtentReports.ExtentReportDemo">
        <test-method is-config="true" signature="Config()[pri:0, instance:rahulsettyacademy.ExtentReports.ExtentReportDemo@59662a0b]" started-at="2023-10-11T22:55:53 IST" name="Config" finished-at="2023-10-11T22:55:53 IST" duration-ms="251" status="PASS">
          <reporter-output>
          </reporter-output>
        </test-method> <!-- Config -->
        <test-method signature="InitialTest()[pri:0, instance:rahulsettyacademy.ExtentReports.ExtentReportDemo@59662a0b]" started-at="2023-10-11T22:55:53 IST" name="InitialTest" finished-at="2023-10-11T22:55:57 IST" duration-ms="3746" status="PASS">
          <reporter-output>
          </reporter-output>
        </test-method> <!-- InitialTest -->
      </class> <!-- rahulsettyacademy.ExtentReports.ExtentReportDemo -->
    </test> <!-- Default test -->
  </suite> <!-- Default suite -->
</testng-results>
